{
  "RSpec": {
    "coverage": {
      "/home/fab/workspace/simpleblog/spec/controllers/users_controller_spec.rb": [
        1,
        null,
        1,
        0,
        0,
        0,
        0,
        null,
        null,
        null,
        0,
        0,
        0,
        0,
        0,
        null,
        null,
        null,
        null
      ],
      "/home/fab/workspace/simpleblog/spec/rails_helper.rb": [
        null,
        1,
        1,
        1,
        null,
        1,
        1,
        null,
        null,
        null,
        null,
        null,
        null,
        null,
        null,
        null,
        null,
        null,
        null,
        null,
        null,
        null,
        null,
        null,
        null,
        null,
        1,
        1,
        null,
        0,
        0,
        null,
        1,
        null,
        1,
        null,
        null,
        null,
        null,
        1,
        null,
        null,
        null,
        null,
        null,
        null,
        null,
        null,
        null,
        null,
        null,
        null,
        null,
        null,
        1,
        null,
        null,
        1,
        null,
        null,
        null
      ],
      "/home/fab/workspace/simpleblog/config/environment.rb": [
        null,
        1,
        null,
        null,
        1
      ],
      "/home/fab/workspace/simpleblog/config/application.rb": [
        1,
        null,
        1,
        null,
        null,
        null,
        1,
        null,
        1,
        1,
        null,
        1,
        null,
        null,
        null,
        null,
        null,
        null,
        null
      ],
      "/home/fab/workspace/simpleblog/config/boot.rb": [
        1,
        null,
        1,
        1
      ],
      "/home/fab/workspace/simpleblog/config/environments/test.rb": [
        1,
        null,
        null,
        null,
        null,
        null,
        null,
        1,
        null,
        null,
        null,
        null,
        1,
        null,
        null,
        1,
        1,
        null,
        null,
        null,
        null,
        1,
        1,
        null,
        null,
        1,
        null,
        null,
        1,
        null,
        null,
        1,
        null,
        1,
        null,
        null,
        null,
        null,
        1,
        null,
        null,
        1,
        null,
        null,
        null,
        null
      ],
      "/home/fab/workspace/simpleblog/config/initializers/application_controller_renderer.rb": [
        null,
        null,
        null,
        null,
        null,
        null,
        null,
        null
      ],
      "/home/fab/workspace/simpleblog/config/initializers/assets.rb": [
        null,
        null,
        null,
        1,
        null,
        null,
        null,
        null,
        1,
        null,
        null,
        null,
        null,
        null
      ],
      "/home/fab/workspace/simpleblog/config/initializers/backtrace_silencers.rb": [
        null,
        null,
        null,
        null,
        null,
        null,
        null
      ],
      "/home/fab/workspace/simpleblog/config/initializers/content_security_policy.rb": [
        null,
        null,
        null,
        null,
        null,
        null,
        null,
        null,
        null,
        null,
        null,
        null,
        null,
        null,
        null,
        null,
        null,
        null,
        null,
        null,
        null,
        null,
        null,
        null,
        null
      ],
      "/home/fab/workspace/simpleblog/config/initializers/cookies_serializer.rb": [
        null,
        null,
        null,
        null,
        1
      ],
      "/home/fab/workspace/simpleblog/config/initializers/filter_parameter_logging.rb": [
        null,
        null,
        null,
        1
      ],
      "/home/fab/workspace/simpleblog/config/initializers/inflections.rb": [
        null,
        null,
        null,
        null,
        null,
        null,
        null,
        null,
        null,
        null,
        null,
        null,
        null,
        null,
        null,
        null
      ],
      "/home/fab/workspace/simpleblog/config/initializers/mime_types.rb": [
        null,
        null,
        null,
        null
      ],
      "/home/fab/workspace/simpleblog/config/initializers/wrap_parameters.rb": [
        null,
        null,
        null,
        null,
        null,
        null,
        1,
        2,
        null,
        null,
        null,
        null,
        null,
        null
      ],
      "/home/fab/workspace/simpleblog/config/routes.rb": [
        1,
        null,
        1,
        null,
        1,
        null,
        1,
        null,
        null
      ],
      "/home/fab/workspace/simpleblog/app/helpers/application_helper.rb": [
        1,
        null
      ],
      "/home/fab/workspace/simpleblog/app/helpers/pages_helper.rb": [
        1,
        null
      ],
      "/home/fab/workspace/simpleblog/app/helpers/posts2_helper.rb": [
        1,
        null
      ],
      "/home/fab/workspace/simpleblog/spec/lib/zombie_spec.rb": [
        1,
        1,
        null,
        1,
        null,
        null,
        1,
        0,
        0,
        null,
        null,
        1,
        0,
        0,
        null,
        null,
        1,
        null,
        0,
        0,
        null,
        null,
        1,
        0,
        0,
        null,
        null,
        null
      ],
      "/home/fab/workspace/simpleblog/lib/zombie.rb": [
        1,
        1,
        null,
        1,
        0,
        0,
        null,
        null,
        1,
        0,
        null,
        null,
        null
      ],
      "/home/fab/workspace/simpleblog/spec/models/user_spec.rb": [
        1,
        null,
        1,
        1,
        1,
        0,
        0,
        null,
        null,
        1,
        0,
        0,
        null,
        null,
        1,
        0,
        0,
        null,
        null,
        1,
        0,
        0,
        null,
        null,
        null,
        1,
        null,
        null,
        null,
        null,
        null,
        null,
        null,
        null,
        1,
        1,
        0,
        0,
        0,
        0,
        0,
        null,
        null,
        1,
        0,
        null,
        null,
        1,
        0,
        null,
        null,
        null,
        null
      ],
      "/home/fab/workspace/simpleblog/app/models/user.rb": [
        null,
        null,
        null,
        null,
        null,
        null,
        null,
        null,
        null,
        null,
        null,
        null,
        null,
        1,
        1,
        1,
        1,
        1,
        1,
        null
      ],
      "/home/fab/workspace/simpleblog/app/models/application_record.rb": [
        1,
        1,
        null
      ]
    },
    "timestamp": 1540976612
  }
}
